app/build/outputs/logs/manifest-merger-debug-report.txt
-- Merging decision tree log ---
manifest
ADDED from src\main\AndroidManifest.xml:2:1-60:12
	xmlns:android
		ADDED from src\main\AndroidManifest.xml:2:11-69
	package
		ADDED from src\main\AndroidManifest.xml:3:2-39
		INJECTED from src\main\AndroidManifest.xml
		INJECTED from src\main\AndroidManifest.xml
	android:versionName
		ADDED from src\main\AndroidManifest.xml:5:2-34
		INJECTED from src\main\AndroidManifest.xml
		INJECTED from src\main\AndroidManifest.xml
	android:versionCode
		ADDED from src\main\AndroidManifest.xml:4:2-27
		INJECTED from src\main\AndroidManifest.xml
		INJECTED from src\main\AndroidManifest.xml
uses-permission#android.permission.WRITE_EXTERNAL_STORAGE
ADDED from src\main\AndroidManifest.xml:7:2-77
	android:name
		ADDED from src\main\AndroidManifest.xml:7:19-75
uses-permission#android.permission.ACCESS_FINE_LOCATION
ADDED from src\main\AndroidManifest.xml:8:2-75
	android:name
		ADDED from src\main\AndroidManifest.xml:8:19-73
uses-permission#android.permission.ACCESS_COARSE_LOCATION
ADDED from src\main\AndroidManifest.xml:9:2-77
	android:name
		ADDED from src\main\AndroidManifest.xml:9:19-75
uses-permission#android.permission.INTERNET
ADDED from src\main\AndroidManifest.xml:10:2-63
	android:name
		ADDED from src\main\AndroidManifest.xml:10:19-61
application
ADDED from src\main\AndroidManifest.xml:12:2-46:16
	android:label
		ADDED from src\main\AndroidManifest.xml:13:34-66
	android:icon
		ADDED from src\main\AndroidManifest.xml:13:3-33
	android:name
		ADDED from src\main\AndroidManifest.xml:12:15-75
activity#tyt.android.bigplanettracks.BigPlanetTracks
ADDED from src\main\AndroidManifest.xml:15:3-20:14
	android:name
		ADDED from src\main\AndroidManifest.xml:15:13-44
	android:launchMode
		ADDED from src\main\AndroidManifest.xml:15:45-75
intent-filter#android.intent.action.MAIN+android.intent.category.LAUNCHER
ADDED from src\main\AndroidManifest.xml:16:4-19:20
action#android.intent.action.MAIN
ADDED from src\main\AndroidManifest.xml:17:5-57
	android:name
		ADDED from src\main\AndroidManifest.xml:17:13-54
category#android.intent.category.LAUNCHER
ADDED from src\main\AndroidManifest.xml:18:5-65
	android:name
		ADDED from src\main\AndroidManifest.xml:18:15-62
activity#tyt.android.bigplanettracks.BigPlanet
ADDED from src\main\AndroidManifest.xml:22:3-25:14
	android:configChanges
		ADDED from src\main\AndroidManifest.xml:22:13-63
	android:name
		ADDED from src\main\AndroidManifest.xml:23:4-29
	android:launchMode
		ADDED from src\main\AndroidManifest.xml:23:30-60
meta-data#android.app.default_searchable
ADDED from src\main\AndroidManifest.xml:24:4-90
	android:name
		ADDED from src\main\AndroidManifest.xml:24:15-60
	android:value
		ADDED from src\main\AndroidManifest.xml:24:61-87
activity#tyt.android.bigplanettracks.StatsActivity
ADDED from src\main\AndroidManifest.xml:27:3-28:66
	android:configChanges
		ADDED from src\main\AndroidManifest.xml:27:13-63
	android:name
		ADDED from src\main\AndroidManifest.xml:28:4-33
	android:launchMode
		ADDED from src\main\AndroidManifest.xml:28:34-64
activity#tyt.android.bigplanettracks.AllGeoBookmarks
ADDED from src\main\AndroidManifest.xml:30:3-31:37
	android:configChanges
		ADDED from src\main\AndroidManifest.xml:30:13-63
	android:name
		ADDED from src\main\AndroidManifest.xml:31:4-35
activity#tyt.android.bigplanettracks.FindPlace
ADDED from src\main\AndroidManifest.xml:33:3-40:14
	android:configChanges
		ADDED from src\main\AndroidManifest.xml:33:13-63
	android:theme
		ADDED from src\main\AndroidManifest.xml:33:64-107
	android:name
		ADDED from src\main\AndroidManifest.xml:34:4-29
	android:launchMode
		ADDED from src\main\AndroidManifest.xml:34:30-60
intent-filter#android.intent.action.SEARCH+android.intent.category.DEFAULT
ADDED from src\main\AndroidManifest.xml:35:4-38:20
action#android.intent.action.SEARCH
ADDED from src\main\AndroidManifest.xml:36:5-59
	android:name
		ADDED from src\main\AndroidManifest.xml:36:13-56
category#android.intent.category.DEFAULT
ADDED from src\main\AndroidManifest.xml:37:5-64
	android:name
		ADDED from src\main\AndroidManifest.xml:37:15-61
meta-data#android.app.searchable
ADDED from src\main\AndroidManifest.xml:39:4-90
	android:resource
		ADDED from src\main\AndroidManifest.xml:39:53-87
	android:name
		ADDED from src\main\AndroidManifest.xml:39:15-52
activity#tyt.android.bigplanettracks.tracks.TrackTabViewActivity
ADDED from src\main\AndroidManifest.xml:42:3-85
	android:name
		ADDED from src\main\AndroidManifest.xml:42:13-83
service#tyt.android.bigplanettracks.MyLocationService
ADDED from src\main\AndroidManifest.xml:44:3-70
	android:enabled
		ADDED from src\main\AndroidManifest.xml:44:46-68
	android:name
		ADDED from src\main\AndroidManifest.xml:44:12-45
uses-permission#android.permission.WAKE_LOCK
ADDED from src\main\AndroidManifest.xml:52:2-65
	android:name
		ADDED from src\main\AndroidManifest.xml:52:19-62
uses-sdk
ADDED from src\main\AndroidManifest.xml:54:2-40
	android:targetSdkVersion
		INJECTED from src\main\AndroidManifest.xml
		INJECTED from src\main\AndroidManifest.xml
	android:minSdkVersion
		ADDED from src\main\AndroidManifest.xml:54:12-37
		INJECTED from src\main\AndroidManifest.xml
		INJECTED from src\main\AndroidManifest.xml
supports-screens
ADDED from src\main\AndroidManifest.xml:55:2-59:31
	android:largeScreens
		ADDED from src\main\AndroidManifest.xml:56:3-30
	android:anyDensity
		ADDED from src\main\AndroidManifest.xml:59:3-28
	android:normalScreens
		ADDED from src\main\AndroidManifest.xml:57:3-31
	android:smallScreens
		ADDED from src\main\AndroidManifest.xml:58:3-30